<component name="libraryTable">
  <library name="JUnit">
    <CLASSES>
      <root url="jar://$PROJECT_DIR$/build/dependencies/junit-4.11.jar!/" />
      <root url="jar://$PROJECT_DIR$/build/dependencies/hamcrest-core-1.3.jar!/" />
    </CLASSES>
    <JAVADOC />
    <SOURCES>
      <root url="jar://$PROJECT_DIR$/build/dependencies/junit-4.11-sources.jar!/" />
    </SOURCES>
  </library>
</component>